<?xml version="1.0" encoding="UTF-8"?>
<testng-results ignored="0" total="1" passed="1" failed="0" skipped="0">
  <reporter-output>
  </reporter-output>
  <suite started-at="2026-07-20T11:27:08 NZST" name="Default suite" finished-at="2026-07-20T11:27:18 NZST" duration-ms="9525">
    <groups>
    </groups>
    <test started-at="2026-07-20T11:27:08 NZST" name="Default test" finished-at="2026-07-20T11:27:18 NZST" duration-ms="9525">
      <class name="tutorilsnija.register.TC_Reg_018">
        <test-method signature="verifyRegAccFirldHghtWdthEtc()[pri:0, instance:tutorilsnija.register.TC_Reg_018@a1153bc]" started-at="2026-07-20T11:27:08 NZST" name="verifyRegAccFirldHghtWdthEtc" finished-at="2026-07-20T11:27:18 NZST" duration-ms="9469" status="PASS">
          <reporter-output>
          </reporter-output>
        </test-method> <!-- verifyRegAccFirldHghtWdthEtc -->
      </class> <!-- tutorilsnija.register.TC_Reg_018 -->
    </test> <!-- Default test -->
  </suite> <!-- Default suite -->
</testng-results>
